<?xml version="1.0" encoding="UTF-8"?>
<!-- Generated by org.testng.reporters.JUnitXMLReporter -->
<testsuite ignored="0" hostname="BINTERNS-QA49L" failures="0" tests="11" name="Surefire test" time="111.514" errors="0" timestamp="2023-05-11T18:57:48 IST">
  <testcase classname="ICC_Test.ICC_Homepage_TestPerform" name="LogoVisibility" time="10.112"/>
  <testcase classname="ICC_Test.ICC_Homepage_TestPerform" name="HomeSectionVisibility" time="10.093"/>
  <testcase classname="ICC_Test.ICC_Homepage_TestPerform" name="ScoresSectionVisibility" time="10.113"/>
  <testcase classname="ICC_Test.ICC_Homepage_TestPerform" name="RankingsSectionVisibility" time="10.122"/>
  <testcase classname="ICC_Test.ICC_Homepage_TestPerform" name="EventsSectionVisibility" time="10.087"/>
  <testcase classname="ICC_Test.ICC_Homepage_TestPerform" name="NewsSectionVisibility" time="10.095"/>
  <testcase classname="ICC_Test.ICC_Homepage_TestPerform" name="AwardsSectionVisibility" time="10.075"/>
  <testcase classname="ICC_Test.ICC_Homepage_TestPerform" name="VideosSectionVisibility" time="10.111"/>
  <testcase classname="ICC_Test.ICC_Homepage_TestPerform" name="IccTvSectionVisibility" time="10.095"/>
  <testcase classname="ICC_Test.ICC_Homepage_TestPerform" name="ShopSectionVisibility" time="10.095"/>
  <testcase classname="ICC_Test.ICC_Homepage_TestPerform" name="TravelSectionVisibility" time="10.108"/>
</testsuite> <!-- Surefire test -->
