<?xml version="1.0" encoding="UTF-8"?>
<!-- Generated by org.testng.reporters.JUnitXMLReporter -->
<testsuite ignored="0" hostname="BINTERNS-QA49L" failures="0" tests="5" name="Default test" time="33.584" errors="0" timestamp="2023-05-12T11:27:01 IST">
  <testcase classname="ICC_Test.ICC_Login_Page_Test" name="LoginButtonFunctionality" time="4.07"/>
  <testcase classname="ICC_Test.ICC_Login_Page_Test" name="RegistrationPageLinkFunctionality" time="6.509"/>
  <testcase classname="ICC_Test.ICC_Login_Page_Test" name="SignWithAppleLinkFunctionality" time="5.698"/>
  <testcase classname="ICC_Test.ICC_Login_Page_Test" name="SignWithFacebookLinkFunctionality" time="5.243"/>
  <testcase classname="ICC_Test.ICC_Login_Page_Test" name="SignWithGoogleLinkFunctionality" time="12.007"/>
</testsuite> <!-- Default test -->
