<?xml version="1.0" encoding="UTF-8"?>
<testsuite xmlns:xsi="http://www.w3.org/2001/XMLSchema-instance" xsi:noNamespaceSchemaLocation="https://maven.apache.org/surefire/maven-surefire-plugin/xsd/surefire-test-report-3.0.xsd" version="3.0" name="ICC_Test.ICC_Homepage_TestPerform" time="121.319" tests="11" errors="0" skipped="0" failures="0">
  <properties>
[...]
</properties>
  <testcase name="LogoVisibility" classname="ICC_Test.ICC_Homepage_TestPerform" time="10.101">
    <system-err><![CDATA[SLF4J: No SLF4J providers were found.
SLF4J: Defaulting to no-operation (NOP) logger implementation
SLF4J: See https://www.slf4j.org/codes.html#noProviders for further details.
Starting ChromeDriver 113.0.5672.63 (0e1a4471d5ae5bf128b1bd8f4d627c8cbd55f70c-refs/branch-heads/5672@{#912}) on port 31995
Only local connections are allowed.
Please see https://chromedriver.chromium.org/security-considerations for suggestions on keeping ChromeDriver safe.
ChromeDriver was started successfully.
May 11, 2023 6:55:51 PM org.openqa.selenium.devtools.CdpVersionFinder findNearestMatch
WARNING: Unable to find an exact match for CDP version 113, so returning the closest version found: 111
]]></system-err>
  </testcase>
  <testcase name="HomeSectionVisibility" classname="ICC_Test.ICC_Homepage_TestPerform" time="10.093"/>
  <testcase name="ScoresSectionVisibility" classname="ICC_Test.ICC_Homepage_TestPerform" time="10.114"/>
  <testcase name="RankingsSectionVisibility" classname="ICC_Test.ICC_Homepage_TestPerform" time="10.122"/>
  <testcase name="EventsSectionVisibility" classname="ICC_Test.ICC_Homepage_TestPerform" time="10.088"/>
  <testcase name="NewsSectionVisibility" classname="ICC_Test.ICC_Homepage_TestPerform" time="10.096"/>
  <testcase name="AwardsSectionVisibility" classname="ICC_Test.ICC_Homepage_TestPerform" time="10.075"/>
  <testcase name="VideosSectionVisibility" classname="ICC_Test.ICC_Homepage_TestPerform" time="10.111"/>
  <testcase name="IccTvSectionVisibility" classname="ICC_Test.ICC_Homepage_TestPerform" time="10.094"/>
  <testcase name="ShopSectionVisibility" classname="ICC_Test.ICC_Homepage_TestPerform" time="10.096"/>
  <testcase name="TravelSectionVisibility" classname="ICC_Test.ICC_Homepage_TestPerform" time="10.108"/>
</testsuite>