<?xml version="1.0" encoding="UTF-8"?>
<testng-results ignored="0" total="5" passed="5" failed="0" skipped="0">
  <reporter-output>
  </reporter-output>
  <suite started-at="2023-05-12T11:26:27 IST" name="Default suite" finished-at="2023-05-12T11:27:01 IST" duration-ms="33584">
    <groups>
    </groups>
    <test started-at="2023-05-12T11:26:27 IST" name="Default test" finished-at="2023-05-12T11:27:01 IST" duration-ms="33584">
      <class name="ICC_Test.ICC_Login_Page_Test">
        <test-method is-config="true" signature="launch()[pri:0, instance:ICC_Test.ICC_Login_Page_Test@543295b0]" started-at="2023-05-12T11:26:09 IST" name="launch" finished-at="2023-05-12T11:26:27 IST" duration-ms="17621" status="PASS">
          <reporter-output>
          </reporter-output>
        </test-method> <!-- launch -->
        <test-method signature="LoginButtonFunctionality()[pri:1, instance:ICC_Test.ICC_Login_Page_Test@543295b0]" started-at="2023-05-12T11:26:27 IST" name="LoginButtonFunctionality" finished-at="2023-05-12T11:26:31 IST" duration-ms="4070" status="PASS">
          <reporter-output>
          </reporter-output>
        </test-method> <!-- LoginButtonFunctionality -->
        <test-method signature="RegistrationPageLinkFunctionality()[pri:2, instance:ICC_Test.ICC_Login_Page_Test@543295b0]" started-at="2023-05-12T11:26:31 IST" name="RegistrationPageLinkFunctionality" finished-at="2023-05-12T11:26:38 IST" duration-ms="6509" status="PASS">
          <reporter-output>
          </reporter-output>
        </test-method> <!-- RegistrationPageLinkFunctionality -->
        <test-method signature="SignWithAppleLinkFunctionality()[pri:3, instance:ICC_Test.ICC_Login_Page_Test@543295b0]" started-at="2023-05-12T11:26:38 IST" name="SignWithAppleLinkFunctionality" finished-at="2023-05-12T11:26:43 IST" duration-ms="5698" status="PASS">
          <reporter-output>
          </reporter-output>
        </test-method> <!-- SignWithAppleLinkFunctionality -->
        <test-method signature="SignWithFacebookLinkFunctionality()[pri:4, instance:ICC_Test.ICC_Login_Page_Test@543295b0]" started-at="2023-05-12T11:26:43 IST" name="SignWithFacebookLinkFunctionality" finished-at="2023-05-12T11:26:49 IST" duration-ms="5243" status="PASS">
          <reporter-output>
          </reporter-output>
        </test-method> <!-- SignWithFacebookLinkFunctionality -->
        <test-method signature="SignWithGoogleLinkFunctionality()[pri:5, instance:ICC_Test.ICC_Login_Page_Test@543295b0]" started-at="2023-05-12T11:26:49 IST" name="SignWithGoogleLinkFunctionality" finished-at="2023-05-12T11:27:01 IST" duration-ms="12007" status="PASS">
          <reporter-output>
          </reporter-output>
        </test-method> <!-- SignWithGoogleLinkFunctionality -->
        <test-method is-config="true" signature="close()[pri:0, instance:ICC_Test.ICC_Login_Page_Test@543295b0]" started-at="2023-05-12T11:27:01 IST" name="close" finished-at="2023-05-12T11:27:01 IST" duration-ms="310" status="PASS">
          <reporter-output>
          </reporter-output>
        </test-method> <!-- close -->
      </class> <!-- ICC_Test.ICC_Login_Page_Test -->
    </test> <!-- Default test -->
  </suite> <!-- Default suite -->
</testng-results>
